<?xml version="1.0" encoding="UTF-8"?>
<testng-results ignored="0" total="1" passed="1" failed="0" skipped="0">
  <reporter-output>
  </reporter-output>
  <suite started-at="2020-11-05T13:57:08 IST" name="Suite" finished-at="2020-11-05T13:57:15 IST" duration-ms="7529">
    <groups>
    </groups>
    <test started-at="2020-11-05T13:57:08 IST" name="Test" finished-at="2020-11-05T13:57:15 IST" duration-ms="7529">
      <class name="pkg.MAvenGitSampleProject">
        <test-method signature="doLogin()[pri:0, instance:pkg.MAvenGitSampleProject@43ee72e6]" started-at="2020-11-05T13:57:08 IST" name="doLogin" finished-at="2020-11-05T13:57:14 IST" duration-ms="6659" status="PASS">
          <reporter-output>
          </reporter-output>
        </test-method> <!-- doLogin -->
        <test-method is-config="true" signature="tearDown()[pri:0, instance:pkg.MAvenGitSampleProject@43ee72e6]" started-at="2020-11-05T13:57:14 IST" name="tearDown" finished-at="2020-11-05T13:57:15 IST" duration-ms="828" status="PASS">
          <reporter-output>
          </reporter-output>
        </test-method> <!-- tearDown -->
      </class> <!-- pkg.MAvenGitSampleProject -->
    </test> <!-- Test -->
  </suite> <!-- Suite -->
</testng-results>
